<?xml version="1.0" encoding="utf-8"?><testsuite errors="0" failures="2" name="pytest" skips="0" tests="8" time="0.205"><testcase classname="test_submit.SellersRanckingTests" file="test_submit.py" line="5" name="test_best_seller" time="0.0009999275207519531"></testcase><testcase classname="test_submit.SellersRanckingTests" file="test_submit.py" line="63" name="test_best_seller_store" time="0.0019435882568359375"></testcase><testcase classname="test_submit.SellersRanckingTests" file="test_submit.py" line="57" name="test_best_seller_store_two" time="0.0010046958923339844"><failure message="StopIteration">E   StopIteration</failure></testcase><testcase classname="test_submit.SellersRanckingTests" file="test_submit.py" line="33" name="test_best_seller_three" time="0.0010008811950683594"><failure message="IndexError: list index out of range">E   IndexError: list index out of range</failure></testcase><testcase classname="test_submit.SellersRanckingTests" file="test_submit.py" line="18" name="test_best_seller_two" time="0.0009970664978027344"></testcase><testcase classname="test_submit.SellersRanckingTests" file="test_submit.py" line="38" name="test_rancking_list" time="0.0009953975677490234"></testcase><testcase classname="test_submit.SellersRanckingTests" file="test_submit.py" line="51" name="test_rancking_list_two" time="0.0010004043579101562"></testcase><testcase classname="test_submit.SellersRanckingTests" file="test_submit.py" line="76" name="test_sales_goals" time="0.0009992122650146484"></testcase></testsuite>